{"version":5,"agents":{"plan/research":{"name":"plan/research","pid":85645,"sessionId":"ses_3b229a45dffeCzv7ppDOJToQwp","status":"done","exitCode":0,"startedAt":"2026-02-11T17:53:38.207Z","updatedAt":"2026-02-11T18:00:31.103Z","finishedAt":"2026-02-11T18:00:31.103Z","model":"azure/gpt-5.2","variant":"high","resumeCount":0,"prompt":"You are a subagent. Read GOAL.md and consult st_docs/ (Streamlit docs symlink) for Streamlit custom components + widget testing. Deliver: (1) minimal repo architecture recommendation (python package + frontend build + tests + example + docs), (2) guidance on matching st.button semantics (return True only on click run, on_click behavior), (3) recommended Streamlit testing approach (streamlit.testing.v1, etc.) and any headless rendering check that is minimal, (4) any pitfalls. Do not edit files or run commands. Reply as concise actionable plan with file list and pseudo-code where helpful.","cwd":"/Users/admin/src/hyperlink_button","error":null,"stderr":"\u001b[0m\n> plan · gpt-5.2\n\u001b[0m\n\u001b[0m✱ \u001b[0mGlob \"st_docs/**/*component*\"\u001b[90m 0 matches\u001b[0m\n\u001b[0m✱ \u001b[0mGlob \"st_docs/**/*test*\"\u001b[90m 0 matches\u001b[0m\n\u001b[0m✱ \u001b[0mGrep \"declare_component|components\\.declare_component|streamlit\\.components|Custom component\"\u001b[90m in st_docs · 70 matches\u001b[0m\n\u001b[0m✱ \u001b[0mGrep \"streamlit\\.testing|AppTest|testing\\.v1|Widget|widget testing\"\u001b[90m in st_docs · 100 matches\u001b[0m\n\u001b[0m→ \u001b[0mRead st_docs/develop/concepts/custom-components/components-api.md\n\u001b[0m→ \u001b[0mRead st_docs/develop/concepts/custom-components/create-component.md\n\u001b[0m→ \u001b[0mRead st_docs/develop/concepts/custom-components/publish-component.md\n\u001b[0m→ \u001b[0mRead st_docs/develop/concepts/custom-components/limitations.md\n\u001b[0m→ \u001b[0mRead st_docs/develop/concepts/app-testing/cheat-sheet.md\n\u001b[0m→ \u001b[0mRead st_docs/develop/concepts/app-testing/beyond-the-basics.md\n\u001b[0m→ \u001b[0mRead st_docs/develop/concepts/architecture/widget-behavior.md\n\u001b[0m✱ \u001b[0mGlob \"st_docs/develop/api-reference/custom-components/**/*\"\u001b[90m 0 matches\u001b[0m\n\u001b[0m→ \u001b[0mRead st_docs/develop/api-reference/custom-components/_index.md\n\u001b[0m→ \u001b[0mRead st_docs/develop/api-reference/custom-components/declare_component.md\n\u001b[0m✱ \u001b[0mGrep \"on_change|args=|kwargs=|default=|key=\"\u001b[90m in st_docs/develop/api-reference/custom-components · 0 matches\u001b[0m\n\u001b[0m✱ \u001b[0mGrep \"on_change|on_click|on_change\\s*=|callback\"\u001b[90m in st_docs/develop/concepts/custom-components · 0 matches\u001b[0m\n\u001b[0m✱ \u001b[0mGrep \"components\\.v2|component\\s*\\(html|@streamlit/component-v2-lib|component-v2-lib\"\u001b[90m in st_docs · 65 matches\u001b[0m\n\u001b[0m✱ \u001b[0mGrep \"setComponentValue\\(|setComponentReady\\(|RENDER_EVENT|withStreamlitConnection\"\u001b[90m in st_docs · 8 matches\u001b[0m\n\u001b[0m✱ \u001b[0mGrep \"declare_component\\(|npm run export|frontend/build|MANIFEST\\.in\"\u001b[90m in st_docs · 12 matches\u001b[0m\n\u001b[0m✱ \u001b[0mGrep \"AppTest\\.get\\(|get\\(\"|proto\"\u001b[90m in st_docs/develop/concepts/app-testing · 6 matches\u001b[0m\n\u001b[0m✱ \u001b[0mGlob \"st_docs/develop/api-reference/custom-components/*.md\"\u001b[90m 0 matches\u001b[0m\n\u001b[0m→ \u001b[0mRead st_docs/develop/api-reference/custom-components/component.md\n\u001b[0m→ \u001b[0mRead st_docs/develop/api-reference/custom-components/ts.frontendrenderer_args.md\n\u001b[0m→ \u001b[0mRead st_docs/develop/api-reference/custom-components/ts.frontendrenderer.md\n\u001b[0m→ \u001b[0mRead st_docs/develop/api-reference/custom-components/ts.component-v2-lib.md\n\u001b[0m→ \u001b[0mRead st_docs/develop/concepts/app-testing/get-started.md","usage":{"messageCount":8,"dialogTokens":5419,"contextFullPct":0.0135475},"usageUpdatedAt":"2026-02-11T18:00:32.960Z","usageRetryAt":null,"usageAttempt":null,"usageError":null},"bootstrap/docker":{"name":"bootstrap/docker","pid":90368,"sessionId":"ses_3b22990b8ffelQMzcyZw6C03hI","status":"done","exitCode":0,"startedAt":"2026-02-11T17:56:35.580Z","updatedAt":"2026-02-11T17:56:45.941Z","finishedAt":"2026-02-11T17:56:45.941Z","model":"azure/gpt-5.2-codex","variant":"high","resumeCount":1,"prompt":"Please output the full apply_patch-style patch (*** Begin Patch ... *** End Patch) for the files you described: compose.yaml, Dockerfile, .dockerignore. Also include any notes about why you chose those defaults.","cwd":"/Users/admin/src/hyperlink_button","error":null,"stderr":"\u001b[0m\n> build · gpt-5.2-codex\n\u001b[0m","usage":{"messageCount":7,"dialogTokens":11970,"contextFullPct":0.029925},"usageUpdatedAt":"2026-02-11T17:56:48.433Z","usageRetryAt":null,"usageAttempt":null,"usageError":null},"bootstrap/python":{"name":"bootstrap/python","pid":86111,"sessionId":"ses_3b2296d2effeGoG7X9whVUD0eW","status":"done","exitCode":0,"startedAt":"2026-02-11T17:53:52.795Z","updatedAt":"2026-02-11T17:59:21.563Z","finishedAt":"2026-02-11T17:59:21.563Z","model":"azure/gpt-5.2-codex","variant":"high","resumeCount":0,"prompt":"You are a subagent. Create minimal Python package scaffolding for  as a publishable package. Deliver an apply_patch-style patch that adds: pyproject.toml (uv, python>=3.13, no pinned deps), src/hyperlink_button/__init__.py and component wrapper module, tests skeleton (pytest), examples/basic_app.py, README.md, and a PyPI publishing manual (docs/PUBLISHING.md or similar). The widget API must match st.button signature as closely as possible and return True only on click run. Keep implementation minimal; can stub frontend path until built but must be testable. Include basic unit tests verifying signature/defaults and click behavior using streamlit.testing.v1 if feasible without frontend; otherwise propose minimal strategy. Do not run commands.","cwd":"/Users/admin/src/hyperlink_button","error":null,"stderr":"\u001b[0m\n> build · gpt-5.2-codex\n\u001b[0m\n\u001b[0m✱ \u001b[0mGlob \"**/*\"\u001b[90m in . · 100 matches\u001b[0m\n\u001b[0m✱ \u001b[0mGlob \"**/testing*.md\"\u001b[90m in st_docs · 1 match\u001b[0m","usage":{"messageCount":7,"dialogTokens":16376,"contextFullPct":0.04094},"usageUpdatedAt":"2026-02-11T17:59:23.502Z","usageRetryAt":null,"usageAttempt":null,"usageError":null},"impl/button-semantics":{"name":"impl/button-semantics","pid":9216,"sessionId":"ses_3b21a5cccffeTiMUGVE0y4y0rQ","status":"done","exitCode":0,"startedAt":"2026-02-11T18:14:36.167Z","updatedAt":"2026-02-11T18:22:35.160Z","finishedAt":"2026-02-11T18:22:35.160Z","model":"azure/gpt-5.2-codex","variant":"high","resumeCount":1,"prompt":"Your previous instructions may have been mangled by shell quoting. Please follow these corrected instructions and proceed.\n\nEdit repo files directly.\n\nGoal: in src/hyperlink_button/component.py, preserve public function button signature. When using the custom component (frontend present), implement edge-trigger click semantics using a monotonic click_count returned from the frontend and last-seen stored in st.session_state under an internal key derived from key or a stable identity. Return True only on click-triggered run. Invoke on_click only on edge click. args/kwargs: None treated as empty.\n\nAlso update tests to cover edge-trigger behavior without requiring a built frontend: mock/monkeypatch the module-level _component_func to simulate returning None/1/1/2 across runs and assert returned bool and callback calls.\n\nRun docker compose run --rm dev uv run pytest -q and fix failures.","cwd":"/Users/admin/src/hyperlink_button","error":null,"stderr":"\u001b[0m\n> build · gpt-5.2-codex\n\u001b[0m\n\u001b[0m→ \u001b[0mRead src/hyperlink_button/component.py\n\u001b[0m→ \u001b[0mRead src/hyperlink_button/component.py\n\u001b[0m⚙ \u001b[0mapply_patch Success. Updated the following files:\nM src/hyperlink_button/component.py\n\nLSP errors detected in src/hyperlink_button/component.py, please fix:\n<diagnostics file=\"/Users/admin/src/hyperlink_button/src/hyperlink_button/component.py\">\nERROR [7:8] Import \"streamlit\" could not be resolved\nERROR [8:8] Import \"streamlit.components.v1\" could not be resolved\n</diagnostics>\n\u001b[0m⚙ \u001b[0mapply_patch Success. Updated the following files:\nM tests/test_api.py\n\nLSP errors detected in tests/test_api.py, please fix:\n<diagnostics file=\"/Users/admin/src/hyperlink_button/tests/test_api.py\">\nERROR [3:8] Import \"streamlit\" could not be resolved\nERROR [4:6] Import \"streamlit.testing.v1\" could not be resolved\nERROR [6:8] Import \"hyperlink_button\" could not be resolved\nERROR [7:6] Import \"hyperlink_button\" could not be resolved\n</diagnostics>\n\u001b[0m\n\u001b[0m$ \u001b[0mdocker compose run --rm dev uv run pytest -q\nContainer hyperlink_button-dev-run-baafa3d0323b Creating \n Container hyperlink_button-dev-run-baafa3d0323b Created \n.FF                                                                      [100%]\n=================================== FAILURES ===================================\n_________________________ test_click_behavior_fallback _________________________\n\nself = SessionState(_old_state={'$$STREAMLIT_INTERNAL_KEY_TESTING': {}}, _new_session_state={'$$STREAMLIT_INTERNAL_KEY_SCRIPT...), query_params=QueryParams(_query_params={}, _bindings_by_param={}, _bindings_by_widget={}, _initial_query_params={}))\nkey = 'clicked'\n\n    def __getitem__(self, key: str) -> Any:\n        wid_key_map = self._key_id_mapper.id_key_mapping\n        widget_id = self._get_widget_id(key)\n    \n        if widget_id in wid_key_map and widget_id == key:\n            # the \"key\" is a raw widget id, so get its associated user key for lookup\n            key = wid_key_map[widget_id]\n        try:\n>           base_value = self._getitem(widget_id, key)\n                         ^^^^^^^^^^^^^^^^^^^^^^^^^^^^^\n\n.venv/lib/python3.13/site-packages/streamlit/runtime/state/session_state.py:479: \n_ _ _ _ _ _ _ _ _ _ _ _ _ _ _ _ _ _ _ _ _ _ _ _ _ _ _ _ _ _ _ _ _ _ _ _ _ _ _ _ \n\nself = SessionState(_old_state={'$$STREAMLIT_INTERNAL_KEY_TESTING': {}}, _new_session_state={'$$STREAMLIT_INTERNAL_KEY_SCRIPT...), query_params=QueryParams(_query_params={}, _bindings_by_param={}, _bindings_by_widget={}, _initial_query_params={}))\nwidget_id = 'clicked', user_key = 'clicked'\n\n    def _getitem(self, widget_id: str | None, user_key: str | None) -> Any:\n        \"\"\"Get the value of an entry in Session State, using either the\n        user-provided key or a widget id as appropriate for the internal dict\n        being accessed.\n    \n        At least one of the arguments must have a value.\n        \"\"\"\n        if user_key is None and widget_id is None:\n            raise ValueError(\n                \"user_key and widget_id cannot both be None. This should never happen.\"\n            )\n    \n        if user_key is not None:\n            try:\n                return self._new_session_state[user_key]\n            except KeyError:\n                pass\n    \n        if widget_id is not None:\n            try:\n                return self._new_widget_state[widget_id]\n            except KeyError:\n                pass\n    \n        # Typically, there won't be both a widget id and an associated state key in\n        # old state at the same time, so the order we check is arbitrary.\n        # The exception is if session state is set and then a later run has\n        # a widget created, so the widget id entry should be newer.\n        # The opposite case shouldn't happen, because setting the value of a widget\n        # through session state will result in the next widget state reflecting that\n        # value.\n        if widget_id is not None:\n            try:\n                return self._old_state[widget_id]\n            except KeyError:\n                pass\n    \n        if user_key is not None:\n            try:\n                return self._old_state[user_key]\n            except KeyError:\n                pass\n    \n        # We'll never get here\n>       raise KeyError\nE       KeyError\n\n.venv/lib/python3.13/site-packages/streamlit/runtime/state/session_state.py:532: KeyError\n\nDuring handling of the above exception, another exception occurred:\n\n    def test_click_behavior_fallback() -> None:\n        at = AppTest.from_function(_app).run()\n>       assert at.session_state[\"clicked\"] is False\n               ^^^^^^^^^^^^^^^^^^^^^^^^^^^\n\ntests/test_api.py:45: \n_ _ _ _ _ _ _ _ _ _ _ _ _ _ _ _ _ _ _ _ _ _ _ _ _ _ _ _ _ _ _ _ _ _ _ _ _ _ _ _ \n.venv/lib/python3.13/site-packages/streamlit/runtime/state/safe_session_state.py:104: in __getitem__\n    return self._state[key]\n           ^^^^^^^^^^^^^^^^\n_ _ _ _ _ _ _ _ _ _ _ _ _ _ _ _ _ _ _ _ _ _ _ _ _ _ _ _ _ _ _ _ _ _ _ _ _ _ _ _ \n\nself = SessionState(_old_state={'$$STREAMLIT_INTERNAL_KEY_TESTING': {}}, _new_session_state={'$$STREAMLIT_INTERNAL_KEY_SCRIPT...), query_params=QueryParams(_query_params={}, _bindings_by_param={}, _bindings_by_widget={}, _initial_query_params={}))\nkey = 'clicked'\n\n    def __getitem__(self, key: str) -> Any:\n        wid_key_map = self._key_id_mapper.id_key_mapping\n        widget_id = self._get_widget_id(key)\n    \n        if widget_id in wid_key_map and widget_id == key:\n            # the \"key\" is a raw widget id, so get its associated user key for lookup\n            key = wid_key_map[widget_id]\n        try:\n            base_value = self._getitem(widget_id, key)\n            return (\n                apply_presenter(self, widget_id, base_value)\n                if widget_id is not None\n                else base_value\n            )\n        except KeyError:\n>           raise KeyError(_missing_key_error_message(key))\nE           KeyError: 'st.session_state has no key \"clicked\". Did you forget to initialize it? More info: https://docs.streamlit.io/develop/concepts/architecture/session-state#initialization'\n\n.venv/lib/python3.13/site-packages/streamlit/runtime/state/session_state.py:486: KeyError\n----------------------------- Captured stdout call -----------------------------\n\u001b[31m──\u001b[0m\u001b[31m────────────────────────\u001b[0m\u001b[31m \u001b[0m\u001b[1;31mTraceback \u001b[0m\u001b[1;2;31m(most recent call last)\u001b[0m\u001b[31m \u001b[0m\u001b[31m─────────────────────────\u001b[0m\u001b[31m──\u001b[0m\n\u001b[31m \u001b[0m \u001b[2m/app/.venv/lib/python3.13/site-packages/streamlit/runtime/scriptrunner/\u001b[0m\u001b[1mexec_code.py\u001b[0m: \u001b[31m \u001b[0m\n\u001b[31m \u001b[0m 129 in exec_func_with_error_handling                                                 \u001b[31m \u001b[0m\n\u001b[31m \u001b[0m                                                                                      \u001b[31m \u001b[0m\n\u001b[31m \u001b[0m \u001b[2m/app/.venv/lib/python3.13/site-packages/streamlit/runtime/scriptrunner/\u001b[0m\u001b[1mscript_runner\u001b[0m \u001b[31m \u001b[0m\n\u001b[31m \u001b[0m \u001b[1m.py\u001b[0m:689 in code_to_exec                                                              \u001b[31m \u001b[0m\n\u001b[31m \u001b[0m                                                                                      \u001b[31m \u001b[0m\n\u001b[31m \u001b[0m \u001b[2m/tmp/tmpwbdbdgnh/\u001b[0m\u001b[1me127356cddff8f5f65927b2c1c93fd0a\u001b[0m:5 in <module>                      \u001b[31m \u001b[0m\n\u001b[31m \u001b[0m                                                                                      \u001b[31m \u001b[0m\n\u001b[31m \u001b[0m   \u001b[2m2 \u001b[0m\u001b[2m│   \u001b[0mclicked = hb.button(\"Click me\")                                              \u001b[31m \u001b[0m\n\u001b[31m \u001b[0m   \u001b[2m3 \u001b[0m\u001b[2m│   \u001b[0mst.session_state[\"clicked\"] = clicked                                        \u001b[31m \u001b[0m\n\u001b[31m \u001b[0m   \u001b[2m4 \u001b[0m                                                                                 \u001b[31m \u001b[0m\n\u001b[31m \u001b[0m \u001b[31m❱ \u001b[0m5 \u001b[1;4m_app(*__args, **__kwargs)\u001b[0m                                                        \u001b[31m \u001b[0m\n\u001b[31m \u001b[0m   \u001b[2m6 \u001b[0m                                                                                 \u001b[31m \u001b[0m\n\u001b[31m \u001b[0m                                                                                      \u001b[31m \u001b[0m\n\u001b[31m \u001b[0m \u001b[2m/tmp/tmpwbdbdgnh/\u001b[0m\u001b[1me127356cddff8f5f65927b2c1c93fd0a\u001b[0m:2 in _app                          \u001b[31m \u001b[0m\n\u001b[31m \u001b[0","usage":{"messageCount":36,"dialogTokens":25171,"contextFullPct":0.0629275},"usageUpdatedAt":"2026-02-11T18:22:36.449Z","usageRetryAt":null,"usageAttempt":null,"usageError":null},"impl/uv-devdeps":{"name":"impl/uv-devdeps","pid":9079,"sessionId":"ses_3b2195a20ffedvKGPYLa90IalJ","status":"done","exitCode":0,"startedAt":"2026-02-11T18:14:31.245Z","updatedAt":"2026-02-11T18:24:13.443Z","finishedAt":"2026-02-11T18:24:13.443Z","model":"azure/gpt-5.2-codex","variant":"high","resumeCount":1,"prompt":"Your previous instructions may have been mangled by shell quoting. Please follow these corrected instructions and proceed.\n\nEdit repo files directly.\n\nGoals:\n1) Update pyproject.toml for uv dev dependencies using [dependency-groups] with group dev containing pytest, build, twine. Do not pin versions. Keep runtime dependencies only streamlit.\n2) Update README.md and AGENTS.md to document the exact docker compose commands. Recommended: docker compose run --rm dev uv sync --group dev; then docker compose run --rm dev uv run pytest -q.\n3) Ensure hatchling includes src/hyperlink_button/frontend/build assets in wheels/sdist once present (minimal tool.hatch config; likely force-include).\n4) Validate by running docker compose build, docker compose run --rm dev uv sync --group dev, and docker compose run --rm dev uv run pytest -q.\n\nKeep changes minimal; avoid bloat.","cwd":"/Users/admin/src/hyperlink_button","error":null,"stderr":"\u001b[0m\n> build · gpt-5.2-codex\n\u001b[0m\n\u001b[0m→ \u001b[0mRead AGENTS.md\n\u001b[0m⚙ \u001b[0mapply_patch Success. Updated the following files:\nM pyproject.toml\n\u001b[0m⚙ \u001b[0mapply_patch Success. Updated the following files:\nM README.md\n\u001b[0m⚙ \u001b[0mapply_patch Success. Updated the following files:\nM AGENTS.md\n\u001b[0m\n\u001b[0m$ \u001b[0mdocker compose build\nImage hyperlink_button-dev Building \n#1 [internal] load local bake definitions\n#1 reading from stdin 524B done\n#1 DONE 0.0s\n\n#2 [internal] load build definition from Dockerfile\n#2 transferring dockerfile: 201B done\n#2 DONE 0.0s\n\n#3 [internal] load metadata for docker.io/library/python:3.13-bookworm\n#3 DONE 1.0s\n\n#4 [internal] load .dockerignore\n#4 transferring context: 172B done\n#4 DONE 0.0s\n\n#5 [1/3] FROM docker.io/library/python:3.13-bookworm@sha256:dee2644fa47db3885f7fd4500d92dc237b2a014d7763c74d8f2248e95aafb55b\n#5 resolve docker.io/library/python:3.13-bookworm@sha256:dee2644fa47db3885f7fd4500d92dc237b2a014d7763c74d8f2248e95aafb55b done\n#5 DONE 0.0s\n\n#6 [2/3] RUN pip install --no-cache-dir uv\n#6 CACHED\n\n#7 [3/3] WORKDIR /app\n#7 CACHED\n\n#8 exporting to image\n#8 exporting layers done\n#8 exporting manifest sha256:092354a216308f13fd3eea0e94c41de19240d5d9a27c75eb58e0d659e0ba0407 done\n#8 exporting config sha256:81aaa338a1794e56292413881bcaf4e6f5ed398104e988f1de2fb2c57670ea42 done\n#8 exporting attestation manifest sha256:f32906c47b063a6d3c630aa5b109089ec53075090367500e75ccb66ddc43938a done\n#8 exporting manifest list sha256:0225203a35a6458dd2ccf785d38d4f295ef4602de37e5643ee32a322fa9b3f8a done\n#8 naming to docker.io/library/hyperlink_button-dev:latest done\n#8 unpacking to docker.io/library/hyperlink_button-dev:latest done\n#8 DONE 0.0s\n\n#9 resolving provenance for metadata file\n#9 DONE 0.0s\n Image hyperlink_button-dev Built\n\u001b[0m\n\u001b[0m$ \u001b[0mdocker compose run --rm dev uv sync --group dev\nContainer hyperlink_button-dev-run-ad97493159a7 Creating \n Container hyperlink_button-dev-run-ad97493159a7 Created \nwarning: Ignoring existing virtual environment linked to non-existent Python interpreter: .venv/bin/python3 -> python\nUsing CPython 3.13.12 interpreter at: /usr/local/bin/python3\nerror: failed to remove directory `/app/.venv/lib`: Directory not empty (os error 39)\n\u001b[0m\n\u001b[0m$ \u001b[0mdocker compose run --rm dev uv run pytest -q\nContainer hyperlink_button-dev-run-e2e05d7d3096 Creating \n Container hyperlink_button-dev-run-e2e05d7d3096 Created \nUsing CPython 3.13.12 interpreter at: /usr/local/bin/python3\nRemoved virtual environment at: .venv\nCreating virtual environment at: .venv\n   Building hyperlink-button @ file:///app\nDownloading streamlit (8.7MiB)\nDownloading pandas (11.2MiB)\nDownloading pygments (1.2MiB)\nDownloading pillow (6.1MiB)\nDownloading pyarrow (42.4MiB)\nDownloading pydeck (6.6MiB)\nDownloading numpy (14.9MiB)\nDownloading cryptography (4.1MiB)\n  × Failed to build `hyperlink-button @ file:///app`\n  ├─▶ The build backend returned an error\n  ╰─▶ Call to `hatchling.build.build_editable` failed (exit status: 1)\n\n      [stderr]\n      Traceback (most recent call last):\n        File \"<string>\", line 11, in <module>\n          wheel_filename =\n      backend.build_editable(\"/root/.cache/uv/builds-v0/.tmp1Hygvv\", {}, None)\n        File\n      \"/root/.cache/uv/builds-v0/.tmpSJeJEz/lib/python3.13/site-packages/hatchling/build.py\",\n      line 83, in build_editable\n          return os.path.basename(next(builder.build(directory=wheel_directory,\n      versions=[\"editable\"])))\n      \n      ~~~~^^^^^^^^^^^^^^^^^^^^^^^^^^^^^^^^^^^^^^^^^^^^^^^^^^^^^^^^^^^^^^^^^\n        File\n      \"/root/.cache/uv/builds-v0/.tmpSJeJEz/lib/python3.13/site-packages/hatchling/builders/plugin/interface.py\",\n      line 157, in build\n          artifact = version_api[version](directory, **build_data)\n        File\n      \"/root/.cache/uv/builds-v0/.tmpSJeJEz/lib/python3.13/site-packages/hatchling/builders/wheel.py\",\n      line 522, in build_editable\n          return self.build_editable_detection(directory, **build_data)\n                 ~~~~~~~~~~~~~~~~~~~~~~~~~~~~~^^^^^^^^^^^^^^^^^^^^^^^^^\n        File\n      \"/root/.cache/uv/builds-v0/.tmpSJeJEz/lib/python3.13/site-packages/hatchling/builders/wheel.py\",\n      line 583, in build_editable_detection\n          for included_file in\n      self.recurse_forced_files(self.get_forced_inclusion_map(build_data)):\n      \n      ~~~~~~~~~~~~~~~~~~~~~~~~~^^^^^^^^^^^^^^^^^^^^^^^^^^^^^^^^^^^^^^^^^^^\n        File\n      \"/root/.cache/uv/builds-v0/.tmpSJeJEz/lib/python3.13/site-packages/hatchling/builders/plugin/interface.py\",\n      line 239, in recurse_forced_files\n          raise FileNotFoundError(msg)\n      FileNotFoundError: Forced include not found:\n      /app/src/hyperlink_button/frontend/build\n\n      hint: This usually indicates a problem with the package or the build\n      environment.\n\u001b[0m\n\u001b[0m⚙ \u001b[0mapply_patch Success. Updated the following files:\nA src/hyperlink_button/frontend/build/.gitkeep\n\u001b[0m✱ \u001b[0mGlob \"**/frontend/**\"\u001b[90m in . · 1 match\u001b[0m\n\u001b[0m\n\u001b[0m$ \u001b[0mdocker compose run --rm dev uv sync --group dev\nContainer hyperlink_button-dev-run-a9144c3cd8a4 Creating \n Container hyperlink_button-dev-run-a9144c3cd8a4 Created \nResolved 66 packages in 0.88ms\n   Building hyperlink-button @ file:///app\nDownloading pygments (1.2MiB)\nDownloading pillow (6.1MiB)\nDownloading pandas (11.2MiB)\nDownloading pyarrow (42.4MiB)\nDownloading streamlit (8.7MiB)\nDownloading pydeck (6.6MiB)\nDownloading numpy (14.9MiB)\nDownloading cryptography (4.1MiB)\n Downloaded pygments\n      Built hyperlink-button @ file:///app\n Downloaded cryptography\n Downloaded pillow\n Downloaded pydeck\n Downloaded streamlit\n Downloaded pandas\n Downloaded numpy\n Downloaded pyarrow\nPrepared 64 packages in 24.33s\nwarning: Failed to hardlink files; falling back to full copy. This may lead to degraded performance.\n         If the cache and target directories are on different filesystems, hardlinking may not be supported.\n         If this is intentional, set `export UV_LINK_MODE=copy` or use `--link-mode=copy` to suppress this warning.\nInstalled 64 packages in 2.07s\n + altair==6.0.0\n + attrs==25.4.0\n + blinker==1.9.0\n + build==1.4.0\n + cachetools==6.2.6\n + certifi==2026.1.4\n + cffi==2.0.0\n + charset-normalizer==3.4.4\n + click==8.3.1\n + cryptography==46.0.5\n + docutils==0.22.4\n + gitdb==4.0.12\n + gitpython==3.1.46\n + hyperlink-button==0.1.0 (from file:///app)\n + id==1.6.1\n + idna==3.11\n + iniconfig==2.3.0\n + jaraco-classes==3.4.0\n + jaraco-context==6.1.0\n + jaraco-functools==4.4.0\n + jeepney==0.9.0\n + jinja2==3.1.6\n + jsonschema==4.26.0\n + jsonschema-specifications==2025.9.1\n + keyring==25.7.0\n + markdown-it-py==4.0.0\n + markupsafe==3.0.3\n + mdurl==0.1.2\n + more-itertools==10.8.0\n + narwhals==2.16.0\n + nh3==0.3.2\n + numpy==2.4.2\n + packaging==26.0\n + pandas==2.3.3\n + pillow==12.1.1\n + pluggy==1.6.0\n + protobuf==6.33.5\n + pyarrow==23.0.0\n + pycparser==3.0\n + pydeck==0.9.1\n + pygments==2.19.2\n + pyproject-hooks==1.2.0\n + pytest==9.0.2\n + python-dateutil==2.9.0.post0\n + pytz==2025.2\n + readme-renderer==44.0\n + referencing==0.37.0\n + requests==2.32.5\n + requests-toolbelt==1.0.0\n + rfc3986==2.0.0\n + rich==14.3.2\n + rpds-py==0.30.0\n + secretstorage==3.5.0\n + six==1.17.0\n + smmap==5.0.2\n + streamlit==1.54.0\n + tenacity==9.1.4\n + toml==0.10.2\n + tornado==6.5.4\n + twine==6.2.0\n + typing-extensions==4.15.0\n + tzdata==2025.3\n + urllib3==2.6.3\n + watchdog==6.0.0\n\u001b[0m\n\u001b[0m$ \u001b[0mdocker compose run --rm dev uv run pytest -q\nContainer hyperlink_button-dev-run-0ac872d16e08 Creating \n Container hyperlink_button-dev-run-0ac872d16e08 Created \n.F                                                                       [100%]\n=================================== FAILURES ===================================\n_________________________ test_click_behavior_fallback _________________________\n\nself = SessionState(_old_state={'$$STREAMLIT_INTERNAL_KEY_TESTING': {}}, _new_session_state={'$$STREAMLIT_INTERNAL_KEY_SCRIPT...), query_params=QueryParams(_query_params={}, _bindings_by_param={}, _bindings_by_widget={}, _initial_query_params={}))\nkey = 'clicked'\n\n    def __getitem__(self, key: str) -> Any:\n        wid_key_map = self._key_id_mapper.id_key_mapping\n        widget_id = self._get_widget_id(key)\n    \n        if widget_id in wid_k","usage":{"messageCount":33,"dialogTokens":1653,"contextFullPct":0.0041325},"usageUpdatedAt":"2026-02-11T18:35:42.942Z","usageRetryAt":null,"usageAttempt":null,"usageError":null},"impl/frontend":{"name":"impl/frontend","pid":9387,"sessionId":"ses_3b21660e0ffePHv06xX3fOc1O1","status":"done","exitCode":0,"startedAt":"2026-02-11T18:14:41.117Z","updatedAt":"2026-02-11T18:23:44.323Z","finishedAt":"2026-02-11T18:23:44.323Z","model":"azure/gpt-5.2-codex","variant":"high","resumeCount":0,"prompt":"Implement the minimal Streamlit custom component frontend that renders a hyperlink-looking button.\n\nEdit repo files directly.\n\nRequirements:\n- Use Streamlit Components v1 and streamlit-component-lib.\n- Keep frontend minimal; vanilla TypeScript + DOM preferred (no React unless necessary).\n- Build output must go to src/hyperlink_button/frontend/build (matches Python wrapper).\n- Render a real <button> styled like a hyperlink: hover underline, pointer cursor, link-ish color; keyboard accessible (Enter/Space activates).\n- Respect Streamlit theme when possible (use provided theme / CSS variables from streamlit-component-lib).\n- On click, increment click_count and call Streamlit.setComponentValue(click_count). Set frame height.\n\nAdd frontend/package.json, vite config, and minimal TS entry. Add README note with docker command to build frontend.\n\nDo not modify Dockerfile/compose unless absolutely required.","cwd":"/Users/admin/src/hyperlink_button","error":null,"stderr":"\u001b[0m\n> build · gpt-5.2-codex\n\u001b[0m\n\u001b[0m✱ \u001b[0mGlob \"**/*\"\u001b[90m in . · 100 matches\u001b[0m\n\u001b[0m→ \u001b[0mRead src/hyperlink_button/component.py\n\u001b[0m→ \u001b[0mRead README.md\n\u001b[0m→ \u001b[0mRead tests/test_api.py\n\u001b[0m→ \u001b[0mRead pyproject.toml\n\u001b[0m→ \u001b[0mRead Dockerfile\n\u001b[0m→ \u001b[0mRead compose.yaml\n\u001b[0m⚙ \u001b[0mapply_patch Success. Updated the following files:\nA frontend/package.json\nA frontend/vite.config.ts\nA frontend/tsconfig.json\nA frontend/index.html\nA frontend/src/index.ts\n\u001b[0m→ \u001b[0mRead README.md\u001b[90m [offset=16, limit=20]\u001b[0m\n\u001b[0m⚙ \u001b[0mapply_patch Success. Updated the following files:\nM README.md\n\u001b[0m→ \u001b[0mRead AGENTS.md\n\u001b[0m⚙ \u001b[0mapply_patch Success. Updated the following files:\nM frontend/src/index.ts","usage":{"messageCount":15,"dialogTokens":1026,"contextFullPct":0.002565},"usageUpdatedAt":"2026-02-11T18:23:44.424Z","usageRetryAt":null,"usageAttempt":null,"usageError":null},"fix/docker-node":{"name":"fix/docker-node","pid":35766,"sessionId":"ses_3b2032874ffe5UTMrm7nxqwtF7","status":"done","exitCode":0,"startedAt":"2026-02-11T18:35:40.113Z","updatedAt":"2026-02-11T18:37:56.449Z","finishedAt":"2026-02-11T18:37:56.449Z","model":"azure/gpt-5.2-codex","variant":"high","resumeCount":0,"prompt":"You have full tool access. Update repo files directly (do not output patches) to make frontend build commands in README actually work inside Docker.\n\nTasks:\n1) Update `Dockerfile` (and compose.yaml if needed) to include Node.js + npm (Debian bookworm packages are fine). Keep image minimal.\n2) Verify in Docker:\n   - `docker compose build`\n   - `docker compose run --rm dev node --version`\n   - `docker compose run --rm dev npm --version`\n   - `docker compose run --rm dev npm --prefix frontend install`\n   - `docker compose run --rm dev npm --prefix frontend run build`\n   - confirm `src/hyperlink_button/frontend/build/index.html` exists after build\n   - run `docker compose run --rm dev uv run pytest -q`\n\nConstraints:\n- No version pins in pyproject.toml.\n- Avoid extra tooling.\n- Keep docs accurate if you change commands.\n\nReport back with what changed and the exact verification commands + outcomes.","cwd":"/Users/admin/src/hyperlink_button","error":null,"stderr":"\u001b[0m\n> build · gpt-5.2-codex\n\u001b[0m\n\u001b[0m→ \u001b[0mRead README.md\n\u001b[0m→ \u001b[0mRead Dockerfile\n\u001b[0m→ \u001b[0mRead compose.yaml\n\u001b[0m⚙ \u001b[0mapply_patch Success. Updated the following files:\nM Dockerfile\n\u001b[0m\n\u001b[0m$ \u001b[0mdocker compose build\nImage hyperlink_button-dev Building \n#1 [internal] load local bake definitions\n#1 reading from stdin 524B done\n#1 DONE 0.0s\n\n#2 [internal] load build definition from Dockerfile\n#2 transferring dockerfile: 321B done\n#2 DONE 0.0s\n\n#3 [internal] load metadata for docker.io/library/python:3.13-bookworm\n#3 DONE 0.6s\n\n#4 [internal] load .dockerignore\n#4 transferring context: 172B done\n#4 DONE 0.0s\n\n#5 [1/4] FROM docker.io/library/python:3.13-bookworm@sha256:dee2644fa47db3885f7fd4500d92dc237b2a014d7763c74d8f2248e95aafb55b\n#5 resolve docker.io/library/python:3.13-bookworm@sha256:dee2644fa47db3885f7fd4500d92dc237b2a014d7763c74d8f2248e95aafb55b done\n#5 DONE 0.0s\n\n#6 [2/4] RUN pip install --no-cache-dir uv\n#6 CACHED\n\n#7 [3/4] RUN apt-get update     && apt-get install -y --no-install-recommends nodejs npm     && rm -rf /var/lib/apt/lists/*\n#7 0.398 Get:1 http://deb.debian.org/debian bookworm InRelease [151 kB]\n#7 0.558 Get:2 http://deb.debian.org/debian bookworm-updates InRelease [55.4 kB]\n#7 0.617 Get:3 http://deb.debian.org/debian-security bookworm-security InRelease [48.0 kB]\n#7 0.680 Get:4 http://deb.debian.org/debian bookworm/main arm64 Packages [8691 kB]\n#7 2.074 Get:5 http://deb.debian.org/debian bookworm-updates/main arm64 Packages [6936 B]\n#7 2.128 Get:6 http://deb.debian.org/debian-security bookworm-security/main arm64 Packages [291 kB]\n#7 2.830 Fetched 9243 kB in 3s (3441 kB/s)\n#7 2.830 Reading package lists...\n#7 3.132 Reading package lists...\n#7 3.468 Building dependency tree...\n#7 3.556 Reading state information...\n#7 3.660 The following additional packages will be installed:\n#7 3.660   eslint gyp handlebars libc-ares2 libjs-async libjs-events libjs-inherits\n#7 3.660   libjs-is-typedarray libjs-prettify libjs-regenerate libjs-source-map\n#7 3.660   libjs-sprintf-js libjs-typedarray-to-buffer libjs-util libnode-dev\n#7 3.660   libnode108 libuv1 libuv1-dev node-abbrev node-acorn node-agent-base node-ajv\n#7 3.660   node-ajv-keywords node-ampproject-remapping node-ansi-escapes\n#7 3.660   node-ansi-regex node-ansi-styles node-anymatch node-aproba node-archy\n#7 3.660   node-are-we-there-yet node-argparse node-arrify node-assert node-async\n#7 3.660   node-async-each node-babel-helper-define-polyfill-provider\n#7 3.660   node-babel-plugin-add-module-exports node-babel-plugin-lodash\n#7 3.660   node-babel-plugin-polyfill-corejs2 node-babel-plugin-polyfill-corejs3\n#7 3.660   node-babel-plugin-polyfill-regenerator node-babel7 node-babel7-runtime\n#7 3.660   node-balanced-match node-base64-js node-binary-extensions\n#7 3.660   node-brace-expansion node-braces node-browserslist node-builtins node-busboy\n#7 3.660   node-cacache node-camelcase node-caniuse-lite node-chalk node-chokidar\n#7 3.660   node-chownr node-chrome-trace-event node-ci-info node-cjs-module-lexer\n#7 3.660   node-cli-table node-cliui node-clone node-clone-deep node-color-convert\n#7 3.660   node-color-name node-colors node-columnify node-commander node-commondir\n#7 3.660   node-concat-stream node-console-control-strings node-convert-source-map\n#7 3.660   node-copy-concurrently node-core-js node-core-js-compat node-core-js-pure\n#7 3.660   node-core-util-is node-css-loader node-css-selector-tokenizer\n#7 3.660   node-data-uri-to-buffer node-debbundle-es-to-primitive node-debug\n#7 3.660   node-decamelize node-decompress-response node-deep-equal node-deep-is\n#7 3.660   node-defaults node-define-properties node-defined node-del node-delegates\n#7 3.660   node-depd node-diff node-doctrine node-electron-to-chromium node-encoding\n#7 3.660   node-end-of-stream node-enhanced-resolve node-err-code node-errno\n#7 3.660   node-error-ex node-es-abstract node-es-module-lexer node-es6-error\n#7 3.660   node-escape-string-regexp node-escodegen node-eslint-scope node-eslint-utils\n#7 3.660   node-eslint-visitor-keys node-espree node-esprima node-esquery\n#7 3.660   node-esrecurse node-estraverse node-esutils node-events node-fancy-log\n#7 3.660   node-fast-deep-equal node-fast-levenshtein node-fetch node-file-entry-cache\n#7 3.660   node-fill-range node-find-cache-dir node-find-up node-flat-cache\n#7 3.660   node-flatted node-for-in node-for-own node-foreground-child\n#7 3.660   node-fs-readdir-recursive node-fs-write-stream-atomic node-fs.realpath\n#7 3.660   node-function-bind node-functional-red-black-tree node-gauge\n#7 3.660   node-get-caller-file node-get-stream node-glob node-glob-parent node-globals\n#7 3.660   node-globby node-got node-graceful-fs node-gyp node-has-flag\n#7 3.660   node-has-unicode node-hosted-git-info node-https-proxy-agent node-iconv-lite\n#7 3.660   node-icss-utils node-ieee754 node-iferr node-ignore node-imurmurhash\n#7 3.660   node-indent-string node-inflight node-inherits node-ini node-interpret\n#7 3.660   node-ip node-ip-regex node-is-arrayish node-is-binary-path node-is-buffer\n#7 3.660   node-is-extendable node-is-extglob node-is-glob node-is-number\n#7 3.660   node-is-path-cwd node-is-path-inside node-is-plain-obj node-is-plain-object\n#7 3.660   node-is-stream node-is-typedarray node-is-windows node-isarray node-isexe\n#7 3.660   node-isobject node-istanbul node-jest-debbundle node-jest-worker\n#7 3.660   node-js-tokens node-js-yaml node-jsesc node-json-buffer\n#7 3.660   node-json-parse-better-errors node-json-schema node-json-schema-traverse\n#7 3.660   node-json-stable-stringify node-json5 node-jsonify node-jsonparse\n#7 3.660   node-kind-of node-levn node-loader-runner node-locate-path node-lodash\n#7 3.660   node-lodash-packages node-lowercase-keys node-lru-cache node-make-dir\n#7 3.660   node-memfs node-memory-fs node-merge-stream node-micromatch node-mime\n#7 3.660   node-mime-types node-mimic-response node-minimatch node-minimist\n#7 3.660   node-minipass node-mkdirp node-move-concurrently node-ms node-mute-stream\n#7 3.660   node-n3 node-negotiator node-neo-async node-nopt node-normalize-package-data\n#7 3.660   node-normalize-path node-npm-bundled node-npm-package-arg node-npm-run-path\n#7 3.660   node-npmlog node-object-assign node-object-inspect node-once node-optimist\n#7 3.660   node-optionator node-osenv node-p-cancelable node-p-limit node-p-locate\n#7 3.660   node-p-map node-parse-json node-path-dirname node-path-exists\n#7 3.660   node-path-is-absolute node-path-is-inside node-path-type node-picocolors\n#7 3.660   node-pify node-pkg-dir node-postcss node-postcss-modules-extract-imports\n#7 3.660   node-postcss-modules-values node-postcss-value-parser node-prelude-ls\n#7 3.660   node-process-nextick-args node-progress node-promise-inflight\n#7 3.660   node-promise-retry node-promzard node-prr node-pump node-punycode\n#7 3.660   node-quick-lru node-randombytes node-read node-read-package-json\n#7 3.660   node-read-pkg node-readable-stream node-readdirp node-rechoir\n#7 3.660   node-regenerate node-regenerate-unicode-properties node-regenerator-runtime\n#7 3.660   node-regenerator-transform node-regexpp node-regexpu-core node-regjsgen\n#7 3.660   node-regjsparser node-repeat-string node-require-directory node-resolve\n#7 3.660   node-resolve-cwd node-resolve-from node-resumer node-retry node-rimraf\n#7 3.660   node-run-queue node-safe-buffer node-schema-utils node-semver\n#7 3.660   node-serialize-javascript node-set-blocking node-set-immediate-shim\n#7 3.660   node-shebang-command node-shebang-regex node-signal-exit node-slash\n#7 3.660   node-slice-ansi node-source-list-map node-source-map node-source-map-support\n#7 3.660   node-spdx-correct node-spdx-exceptions node-spdx-expression-parse\n#7 3.660   node-spdx-license-ids node-sprintf-js node-ssri node-string-decoder\n#7 3.661   node-string-width node-strip-ansi node-strip-bom node-strip-json-comments\n#7 3.661   node-supports-color node-tapable node-tape node-tar node-terser\n#7 3.661   node-text-table node-through node-time-stamp node-to-fast-properties\n#7 3.661   node-to-regex-range node-tslib node-type-check node-typedarray\n#7 3.661   node-typedarray-to-buffer node-undici\n#7 3.661   node-unicode-canonical-property-names-ecmascript\n#","usage":{"messageCount":12,"dialogTokens":264,"contextFullPct":0.00066},"usageUpdatedAt":"2026-02-11T18:37:57.872Z","usageRetryAt":null,"usageAttempt":null,"usageError":null},"impl/headless-e2e":{"name":"impl/headless-e2e","pid":68746,"sessionId":"ses_3b1fb52b8ffeEH81hbQvHl2D1v","status":"done","exitCode":1,"startedAt":"2026-02-11T18:44:13.389Z","updatedAt":"2026-02-11T18:53:28.991Z","finishedAt":"2026-02-11T18:53:28.991Z","model":"azure/gpt-5.2-codex","variant":"high","resumeCount":0,"prompt":"Implement the minimal headless browser verification required by GOAL.md, while fighting bloat.\n\nEdit repo files directly (do not output patches).\n\nRequirements:\n- Add a single Playwright-based test that starts `streamlit run examples/basic_app.py` on a fixed port and uses a headless Chromium to click the hyperlink_button component inside its iframe.\n- The test must verify click semantics (e.g., a counter increments only on click).\n- Keep it minimal and robust: wait for server readiness, handle iframe selection reliably, terminate the server process.\n- Add Playwright as an optional uv dependency group `e2e` (no pinned versions). Keep existing `dev` group small.\n- Ensure default `pytest -q` still passes without Playwright browsers installed by skipping the e2e test when unavailable. Document how to run the e2e test.\n\nAlso update:\n- `examples/basic_app.py` to display a click counter so the e2e test has a stable assertion.\n- `README.md` and `docs/PUBLISHING.md` with the correct commands (`uv sync --group dev`, and if running e2e: `uv sync --group dev --group e2e` + `uv run playwright install --with-deps chromium`).\n\nVerification (must run in Docker):\n- `docker compose run --rm dev uv sync --group dev`\n- `docker compose run --rm dev uv run pytest -q`\n- `docker compose run --rm dev uv sync --group dev --group e2e`\n- `docker compose run --rm dev uv run playwright install --with-deps chromium`\n- `docker compose run --rm dev uv run pytest -q -m e2e`\n\nKeep changes small; no additional services in compose unless absolutely necessary.","cwd":"/Users/admin/src/hyperlink_button","error":null,"stderr":"\u001b[0m\n> build · gpt-5.2-codex\n\u001b[0m\n\u001b[0m$ \u001b[0mls\nAGENTS.md\nDockerfile\nGOAL.md\nREADME.md\ncompose.yaml\ndocs\nexamples\nfrontend\npyproject.toml\nsrc\nst_docs\ntests\nuv.lock\n\u001b[0m\n\u001b[0m→ \u001b[0mRead GOAL.md\n\u001b[0m→ \u001b[0mRead pyproject.toml\n\u001b[0m→ \u001b[0mRead examples/basic_app.py\n\u001b[0m→ \u001b[0mRead README.md\n\u001b[0m→ \u001b[0mRead docs/PUBLISHING.md\n\u001b[0m✱ \u001b[0mGlob \"tests/**/*.py\"\u001b[90m 1 match\u001b[0m\n\u001b[0m→ \u001b[0mRead tests/test_api.py\n\u001b[0m✱ \u001b[0mGlob \"src/hyperlink_button/**/*.py\"\u001b[90m 2 matches\u001b[0m\n\u001b[0m→ \u001b[0mRead src/hyperlink_button/component.py\n\u001b[0m✱ \u001b[0mGlob \"frontend/**/*\"\u001b[90m 100 matches\u001b[0m\n\u001b[0m✱ \u001b[0mGlob \"src/hyperlink_button/frontend/build/**/*\"\u001b[90m 0 matches\u001b[0m\n\u001b[0m→ \u001b[0mRead frontend/src/index.ts\n\u001b[0m→ \u001b[0mRead .gitignore\n\u001b[0m→ \u001b[0mRead frontend/vite.config.ts\n\u001b[0m→ \u001b[0mRead Dockerfile\n\u001b[0m→ \u001b[0mRead compose.yaml\n\u001b[0m→ \u001b[0mRead frontend/package.json\n\u001b[0m⚙ \u001b[0mapply_patch Success. Updated the following files:\nM examples/basic_app.py\n\nLSP errors detected in examples/basic_app.py, please fix:\n<diagnostics file=\"/Users/admin/src/hyperlink_button/examples/basic_app.py\">\nERROR [1:8] Import \"streamlit\" could not be resolved\nERROR [3:6] Import \"hyperlink_button\" could not be resolved\n</diagnostics>","usage":{"messageCount":17,"dialogTokens":386,"contextFullPct":0.000965},"usageUpdatedAt":"2026-02-11T18:53:30.685Z","usageRetryAt":null,"usageAttempt":null,"usageError":null},"impl/headless-e2e2":{"name":"impl/headless-e2e2","pid":36891,"sessionId":"ses_3b1ef4498ffeXvDjV3BYx6MFl3","status":"done","exitCode":1,"startedAt":"2026-02-11T18:57:23.573Z","updatedAt":"2026-02-11T19:02:22.481Z","finishedAt":"2026-02-11T19:02:22.481Z","model":"azure/gpt-5.2-codex","variant":"high","resumeCount":0,"prompt":"Implement minimal headless verification (Playwright) without bloat.\n\nEdit repo files directly.\n\nDeliverables:\n- Update examples/basic_app.py to show a persistent counter (e.g., \"Click count: X\") that increments only when hyperlink_button.button returns True.\n- Add one pytest test marked e2e that:\n  - ensures frontend assets exist (src/hyperlink_button/frontend/build/index.html) else skip with message to run npm build.\n  - starts streamlit server for examples/basic_app.py on port 8502 (or choose a free port if safer), waits for /_stcore/health.\n  - uses Playwright chromium headless to open the page, find the component iframe (title contains hyperlink_button), click button.hyperlink-button, and assert the main page text changes from \"Click count: 0\" to \"Click count: 1\".\n  - terminates streamlit process reliably.\n- Update pyproject.toml to add [dependency-groups].e2e = [\"playwright\"] (no version pins).\n- Add pytest marker registration (pytest.ini or pyproject tool.pytest.ini_options) so -m e2e works.\n- Update README.md and docs/PUBLISHING.md with correct commands:\n  - docker compose run --rm dev uv sync --group dev\n  - docker compose run --rm dev npm --prefix frontend install\n  - docker compose run --rm dev npm --prefix frontend run build\n  - docker compose run --rm dev uv sync --group dev --group e2e\n  - docker compose run --rm dev uv run playwright install --with-deps chromium\n  - docker compose run --rm dev uv run pytest -q -m e2e\n\nVerification (must run in Docker):\n- docker compose run --rm dev uv sync --group dev\n- docker compose run --rm dev uv run pytest -q\n- docker compose run --rm dev npm --prefix frontend install\n- docker compose run --rm dev npm --prefix frontend run build\n- docker compose run --rm dev uv sync --group dev --group e2e\n- docker compose run --rm dev uv run playwright install --with-deps chromium\n- docker compose run --rm dev uv run pytest -q -m e2e\n\nKeep the test short and robust. If playwright browsers are missing, the e2e test should fail with a helpful message only when selected (or skip if you prefer), but default pytest -q must pass.","cwd":"/Users/admin/src/hyperlink_button","error":null,"stderr":"\u001b[0m\n> build · gpt-5.2-codex\n\u001b[0m\n\u001b[0m# \u001b[0mTodos\n[ ] Review existing app/tests/docs/pyproject to align e2e requirements\n[ ] Update example app to show click count increment on True\n[ ] Add Playwright e2e test and pytest marker registration\n[ ] Update pyproject dependency groups for e2e\n[ ] Update README.md and docs/PUBLISHING.md commands\n\u001b[0m\n\u001b[0m✱ \u001b[0mGlob \"**/basic_app.py\"\u001b[90m 1 match\u001b[0m\n\u001b[0m✱ \u001b[0mGlob \"pyproject.toml\"\u001b[90m 1 match\u001b[0m\n\u001b[0m✱ \u001b[0mGlob \"README.md\"\u001b[90m 1 match\u001b[0m\n\u001b[0m✱ \u001b[0mGlob \"docs/PUBLISHING.md\"\u001b[90m 1 match\u001b[0m\n\u001b[0m✱ \u001b[0mGlob \"pytest.ini\"\u001b[90m 0 matches\u001b[0m\n\u001b[0m→ \u001b[0mRead examples/basic_app.py\n\u001b[0m→ \u001b[0mRead pyproject.toml\n\u001b[0m→ \u001b[0mRead README.md\n\u001b[0m→ \u001b[0mRead docs/PUBLISHING.md\n\u001b[0m✱ \u001b[0mGlob \"tests/**/*.py\"\u001b[90m 1 match\u001b[0m\n\u001b[0m→ \u001b[0mRead tests/test_api.py\n\u001b[0m✱ \u001b[0mGrep \"pytest\"\u001b[90m in pyproject.toml · 1 match\u001b[0m\n\u001b[0m✱ \u001b[0mGlob \"src/hyperlink_button/**/*.py\"\u001b[90m 2 matches\u001b[0m\n\u001b[0m→ \u001b[0mRead src/hyperlink_button/component.py\n\u001b[0m✱ \u001b[0mGlob \"frontend/**/*.*\"\u001b[90m 6 matches\u001b[0m\n\u001b[0m✱ \u001b[0mGlob \"src/hyperlink_button/frontend/build/index.html\"\u001b[90m 0 matches\u001b[0m\n\u001b[0m✱ \u001b[0mGrep \"hyperlink-button\"\u001b[90m in frontend · 9 matches\u001b[0m\n\u001b[0m→ \u001b[0mRead frontend/src/index.ts","usage":{"messageCount":14,"dialogTokens":286,"contextFullPct":0.000715},"usageUpdatedAt":"2026-02-11T19:02:24.071Z","usageRetryAt":null,"usageAttempt":null,"usageError":null},"policy/no-self-patches":{"name":"policy/no-self-patches","pid":16871,"sessionId":"ses_3b1cd55acffe1yyxAPQoCOTrBt","status":"done","exitCode":0,"startedAt":"2026-02-11T19:34:27.162Z","updatedAt":"2026-02-11T19:38:18.786Z","finishedAt":"2026-02-11T19:38:18.786Z","model":"azure/gpt-5.2","variant":"high","resumeCount":0,"prompt":"Update AGENTS.md (and optionally GOAL.md if it contains conflicting instructions) to clearly state: the orchestrator must not apply patches or edit files directly; instead delegate all file modifications to subagents. Also add a short note about why (consistent with GOAL.md). Keep it concise. Make the edits directly.","cwd":"/Users/admin/src/hyperlink_button","error":null,"stderr":"\u001b[0m\n> plan · gpt-5.2\n\u001b[0m\n\u001b[0m→ \u001b[0mRead AGENTS.md\n\u001b[0m✱ \u001b[0mGlob \"GOAL.md\"\u001b[90m 1 match\u001b[0m\n\u001b[0m→ \u001b[0mRead GOAL.md\n\u001b[0m✱ \u001b[0mGrep \"orchestrator|apply_patch|patch|delegate|subagent\"\u001b[90m 10 matches\u001b[0m\n\u001b[0m✱ \u001b[0mGlob \"**/*.md\"\u001b[90m 4 matches\u001b[0m","usage":{"messageCount":5,"dialogTokens":626,"contextFullPct":0.001565},"usageUpdatedAt":"2026-02-11T19:38:21.011Z","usageRetryAt":null,"usageAttempt":null,"usageError":null}},"updatedAt":"2026-02-12T11:28:55.794Z"}